<?xml version="1.0" encoding="UTF-8"?>
<!-- Generated by org.testng.reporters.JUnitReportReporter -->
<testsuite hostname="DESKTOP-5NEEPGF" failures="0" tests="1" name="Org.Organization" time="0.001" errors="0" timestamp="2024-10-28T22:13:22 IST" skipped="0">
  <testcase classname="Org.Organization" name="Mtest" time="0.001"/>
  <system-out/>
</testsuite> <!-- Org.Organization -->
