<?xml version="1.0" encoding="UTF-8"?>
<!-- Generated by org.testng.reporters.JUnitReportReporter -->
<testsuite hostname="DESKTOP-5NEEPGF" failures="0" tests="1" name="Login.Login" time="0.009" errors="0" timestamp="2024-10-28T22:13:22 IST" skipped="0">
  <testcase classname="Login.Login" name="Mtest" time="0.009"/>
  <system-out/>
</testsuite> <!-- Login.Login -->
