<?xml version="1.0" encoding="UTF-8"?>
<!-- Generated by org.testng.reporters.JUnitReportReporter -->
<testsuite hostname="DESKTOP-5NEEPGF" failures="0" tests="1" name="Org.Organization" time="0.001" errors="0" timestamp="28 Oct 2024 16:45:30 GMT" skipped="0">
  <testcase classname="Org.Organization" name="Rtest" time="0.001"/>
</testsuite> <!-- Org.Organization -->
